{"/Users/natashachiu/lighthouse/scheduler-project/scheduler/src/components/Application.js": {"path":"/Users/natashachiu/lighthouse/scheduler-project/scheduler/src/components/Application.js","statementMap":{"0":{"start":{"line":22,"column":6},"end":{"line":22,"column":26}},"1":{"start":{"line":24,"column":23},"end":{"line":24,"column":62}},"2":{"start":{"line":26,"column":23},"end":{"line":39,"column":3}},"3":{"start":{"line":28,"column":6},"end":{"line":37,"column":8}},"4":{"start":{"line":41,"column":2},"end":{"line":64,"column":4}}},"fnMap":{"0":{"name":"Application","decl":{"start":{"line":16,"column":24},"end":{"line":16,"column":35}},"loc":{"start":{"line":16,"column":43},"end":{"line":65,"column":1}},"line":16},"1":{"name":"(anonymous_1)","decl":{"start":{"line":27,"column":4},"end":{"line":27,"column":5}},"loc":{"start":{"line":27,"column":19},"end":{"line":38,"column":5}},"line":27}},"branchMap":{},"s":{"0":12,"1":12,"2":12,"3":16,"4":12},"f":{"0":12,"1":16},"b":{},"_coverageSchema":"43e27e138ebf9cfc5966b082cf9a028302ed4184","hash":"5c41f92e47a989d20f57163dcd222cd288f6061d"}
,"/Users/natashachiu/lighthouse/scheduler-project/scheduler/src/components/Button.js": {"path":"/Users/natashachiu/lighthouse/scheduler-project/scheduler/src/components/Button.js","statementMap":{"0":{"start":{"line":8,"column":22},"end":{"line":11,"column":4}},"1":{"start":{"line":13,"column":2},"end":{"line":21,"column":4}}},"fnMap":{"0":{"name":"Button","decl":{"start":{"line":7,"column":24},"end":{"line":7,"column":30}},"loc":{"start":{"line":7,"column":38},"end":{"line":22,"column":1}},"line":7}},"branchMap":{},"s":{"0":42,"1":42},"f":{"0":42},"b":{},"_coverageSchema":"43e27e138ebf9cfc5966b082cf9a028302ed4184","hash":"885a1b854a25ebffbd8439498047e162998c7dd4"}
,"/Users/natashachiu/lighthouse/scheduler-project/scheduler/src/components/DayList.js": {"path":"/Users/natashachiu/lighthouse/scheduler-project/scheduler/src/components/DayList.js","statementMap":{"0":{"start":{"line":6,"column":15},"end":{"line":16,"column":4}},"1":{"start":{"line":7,"column":4},"end":{"line":15,"column":6}},"2":{"start":{"line":18,"column":2},"end":{"line":18,"column":25}}},"fnMap":{"0":{"name":"DayList","decl":{"start":{"line":5,"column":24},"end":{"line":5,"column":31}},"loc":{"start":{"line":5,"column":39},"end":{"line":19,"column":1}},"line":5},"1":{"name":"(anonymous_1)","decl":{"start":{"line":6,"column":30},"end":{"line":6,"column":31}},"loc":{"start":{"line":6,"column":37},"end":{"line":16,"column":3}},"line":6}},"branchMap":{},"s":{"0":12,"1":16,"2":12},"f":{"0":12,"1":16},"b":{},"_coverageSchema":"43e27e138ebf9cfc5966b082cf9a028302ed4184","hash":"4d0bbe43219be653cd240151e9c1485e02623501"}
,"/Users/natashachiu/lighthouse/scheduler-project/scheduler/src/components/DayListItem.js": {"path":"/Users/natashachiu/lighthouse/scheduler-project/scheduler/src/components/DayListItem.js","statementMap":{"0":{"start":{"line":7,"column":2},"end":{"line":7,"column":48}},"1":{"start":{"line":7,"column":20},"end":{"line":7,"column":48}},"2":{"start":{"line":8,"column":2},"end":{"line":8,"column":46}},"3":{"start":{"line":8,"column":20},"end":{"line":8,"column":46}},"4":{"start":{"line":10,"column":2},"end":{"line":10,"column":37}},"5":{"start":{"line":14,"column":19},"end":{"line":17,"column":4}},"6":{"start":{"line":19,"column":2},"end":{"line":28,"column":4}},"7":{"start":{"line":22,"column":21},"end":{"line":22,"column":45}}},"fnMap":{"0":{"name":"formatSpots","decl":{"start":{"line":6,"column":16},"end":{"line":6,"column":27}},"loc":{"start":{"line":6,"column":36},"end":{"line":11,"column":1}},"line":6},"1":{"name":"DayListItem","decl":{"start":{"line":13,"column":24},"end":{"line":13,"column":35}},"loc":{"start":{"line":13,"column":43},"end":{"line":29,"column":1}},"line":13},"2":{"name":"(anonymous_2)","decl":{"start":{"line":22,"column":15},"end":{"line":22,"column":16}},"loc":{"start":{"line":22,"column":21},"end":{"line":22,"column":45}},"line":22}},"branchMap":{"0":{"loc":{"start":{"line":7,"column":2},"end":{"line":7,"column":48}},"type":"if","locations":[{"start":{"line":7,"column":2},"end":{"line":7,"column":48}},{"start":{"line":7,"column":2},"end":{"line":7,"column":48}}],"line":7},"1":{"loc":{"start":{"line":8,"column":2},"end":{"line":8,"column":46}},"type":"if","locations":[{"start":{"line":8,"column":2},"end":{"line":8,"column":46}},{"start":{"line":8,"column":2},"end":{"line":8,"column":46}}],"line":8}},"s":{"0":16,"1":1,"2":15,"3":14,"4":1,"5":16,"6":16,"7":1},"f":{"0":16,"1":16,"2":1},"b":{"0":[1,15],"1":[14,1]},"_coverageSchema":"43e27e138ebf9cfc5966b082cf9a028302ed4184","hash":"d6ddd55ef70e8d973d34196aaa2ec6fdfc319548"}
,"/Users/natashachiu/lighthouse/scheduler-project/scheduler/src/components/InterviewerList.js": {"path":"/Users/natashachiu/lighthouse/scheduler-project/scheduler/src/components/InterviewerList.js","statementMap":{"0":{"start":{"line":8,"column":24},"end":{"line":28,"column":1}},"1":{"start":{"line":9,"column":23},"end":{"line":20,"column":4}},"2":{"start":{"line":10,"column":4},"end":{"line":19,"column":6}},"3":{"start":{"line":17,"column":33},"end":{"line":17,"column":63}},"4":{"start":{"line":22,"column":2},"end":{"line":27,"column":4}},"5":{"start":{"line":30,"column":0},"end":{"line":34,"column":2}}},"fnMap":{"0":{"name":"(anonymous_0)","decl":{"start":{"line":8,"column":24},"end":{"line":8,"column":25}},"loc":{"start":{"line":8,"column":35},"end":{"line":28,"column":1}},"line":8},"1":{"name":"(anonymous_1)","decl":{"start":{"line":9,"column":46},"end":{"line":9,"column":47}},"loc":{"start":{"line":9,"column":61},"end":{"line":20,"column":3}},"line":9},"2":{"name":"(anonymous_2)","decl":{"start":{"line":17,"column":24},"end":{"line":17,"column":25}},"loc":{"start":{"line":17,"column":33},"end":{"line":17,"column":63}},"line":17}},"branchMap":{},"s":{"0":3,"1":20,"2":26,"3":2,"4":20,"5":3},"f":{"0":20,"1":26,"2":2},"b":{},"_coverageSchema":"43e27e138ebf9cfc5966b082cf9a028302ed4184","hash":"0fe488e05d5ea332e8d14a5a72d8b393735600cc"}
,"/Users/natashachiu/lighthouse/scheduler-project/scheduler/src/components/InterviewerListItem.js": {"path":"/Users/natashachiu/lighthouse/scheduler-project/scheduler/src/components/InterviewerListItem.js","statementMap":{"0":{"start":{"line":7,"column":20},"end":{"line":9,"column":4}},"1":{"start":{"line":11,"column":2},"end":{"line":20,"column":4}}},"fnMap":{"0":{"name":"InterviewerItem","decl":{"start":{"line":6,"column":24},"end":{"line":6,"column":39}},"loc":{"start":{"line":6,"column":47},"end":{"line":21,"column":1}},"line":6}},"branchMap":{"0":{"loc":{"start":{"line":18,"column":7},"end":{"line":18,"column":35}},"type":"binary-expr","locations":[{"start":{"line":18,"column":7},"end":{"line":18,"column":21}},{"start":{"line":18,"column":25},"end":{"line":18,"column":35}}],"line":18}},"s":{"0":26,"1":26},"f":{"0":26},"b":{"0":[26,8]},"_coverageSchema":"43e27e138ebf9cfc5966b082cf9a028302ed4184","hash":"7cec89254fc86d364cce15f0ba23509cc36e9920"}
,"/Users/natashachiu/lighthouse/scheduler-project/scheduler/src/components/Appointment/Appointment.js": {"path":"/Users/natashachiu/lighthouse/scheduler-project/scheduler/src/components/Appointment/Appointment.js","statementMap":{"0":{"start":{"line":12,"column":14},"end":{"line":12,"column":21}},"1":{"start":{"line":13,"column":13},"end":{"line":13,"column":19}},"2":{"start":{"line":14,"column":15},"end":{"line":14,"column":23}},"3":{"start":{"line":15,"column":13},"end":{"line":15,"column":19}},"4":{"start":{"line":16,"column":15},"end":{"line":16,"column":23}},"5":{"start":{"line":17,"column":17},"end":{"line":17,"column":27}},"6":{"start":{"line":18,"column":16},"end":{"line":18,"column":25}},"7":{"start":{"line":19,"column":19},"end":{"line":19,"column":31}},"8":{"start":{"line":20,"column":21},"end":{"line":20,"column":35}},"9":{"start":{"line":25,"column":37},"end":{"line":26,"column":35}},"10":{"start":{"line":28,"column":15},"end":{"line":39,"column":3}},"11":{"start":{"line":29,"column":22},"end":{"line":32,"column":5}},"12":{"start":{"line":33,"column":4},"end":{"line":33,"column":23}},"13":{"start":{"line":35,"column":4},"end":{"line":38,"column":49}},"14":{"start":{"line":37,"column":18},"end":{"line":37,"column":34}},"15":{"start":{"line":38,"column":19},"end":{"line":38,"column":47}},"16":{"start":{"line":41,"column":18},"end":{"line":47,"column":3}},"17":{"start":{"line":42,"column":4},"end":{"line":42,"column":31}},"18":{"start":{"line":43,"column":4},"end":{"line":46,"column":51}},"19":{"start":{"line":45,"column":18},"end":{"line":45,"column":35}},"20":{"start":{"line":46,"column":19},"end":{"line":46,"column":49}},"21":{"start":{"line":50,"column":2},"end":{"line":90,"column":4}},"22":{"start":{"line":55,"column":28},"end":{"line":55,"column":46}},"23":{"start":{"line":61,"column":24},"end":{"line":61,"column":40}},"24":{"start":{"line":62,"column":26},"end":{"line":62,"column":45}}},"fnMap":{"0":{"name":"Appointment","decl":{"start":{"line":23,"column":24},"end":{"line":23,"column":35}},"loc":{"start":{"line":23,"column":43},"end":{"line":91,"column":1}},"line":23},"1":{"name":"(anonymous_1)","decl":{"start":{"line":28,"column":15},"end":{"line":28,"column":16}},"loc":{"start":{"line":28,"column":43},"end":{"line":39,"column":3}},"line":28},"2":{"name":"(anonymous_2)","decl":{"start":{"line":37,"column":12},"end":{"line":37,"column":13}},"loc":{"start":{"line":37,"column":18},"end":{"line":37,"column":34}},"line":37},"3":{"name":"(anonymous_3)","decl":{"start":{"line":38,"column":13},"end":{"line":38,"column":14}},"loc":{"start":{"line":38,"column":19},"end":{"line":38,"column":47}},"line":38},"4":{"name":"(anonymous_4)","decl":{"start":{"line":41,"column":18},"end":{"line":41,"column":19}},"loc":{"start":{"line":41,"column":29},"end":{"line":47,"column":3}},"line":41},"5":{"name":"(anonymous_5)","decl":{"start":{"line":45,"column":12},"end":{"line":45,"column":13}},"loc":{"start":{"line":45,"column":18},"end":{"line":45,"column":35}},"line":45},"6":{"name":"(anonymous_6)","decl":{"start":{"line":46,"column":13},"end":{"line":46,"column":14}},"loc":{"start":{"line":46,"column":19},"end":{"line":46,"column":49}},"line":46},"7":{"name":"(anonymous_7)","decl":{"start":{"line":55,"column":22},"end":{"line":55,"column":23}},"loc":{"start":{"line":55,"column":28},"end":{"line":55,"column":46}},"line":55},"8":{"name":"(anonymous_8)","decl":{"start":{"line":61,"column":18},"end":{"line":61,"column":19}},"loc":{"start":{"line":61,"column":24},"end":{"line":61,"column":40}},"line":61},"9":{"name":"(anonymous_9)","decl":{"start":{"line":62,"column":20},"end":{"line":62,"column":21}},"loc":{"start":{"line":62,"column":26},"end":{"line":62,"column":45}},"line":62}},"branchMap":{"0":{"loc":{"start":{"line":26,"column":4},"end":{"line":26,"column":34}},"type":"cond-expr","locations":[{"start":{"line":26,"column":22},"end":{"line":26,"column":26}},{"start":{"line":26,"column":29},"end":{"line":26,"column":34}}],"line":26},"1":{"loc":{"start":{"line":54,"column":7},"end":{"line":55,"column":50}},"type":"binary-expr","locations":[{"start":{"line":54,"column":7},"end":{"line":54,"column":21}},{"start":{"line":55,"column":8},"end":{"line":55,"column":50}}],"line":54},"2":{"loc":{"start":{"line":57,"column":7},"end":{"line":62,"column":49}},"type":"binary-expr","locations":[{"start":{"line":57,"column":7},"end":{"line":57,"column":20}},{"start":{"line":58,"column":8},"end":{"line":62,"column":49}}],"line":57},"3":{"loc":{"start":{"line":64,"column":7},"end":{"line":67,"column":26}},"type":"binary-expr","locations":[{"start":{"line":64,"column":7},"end":{"line":64,"column":22}},{"start":{"line":65,"column":8},"end":{"line":67,"column":26}}],"line":64},"4":{"loc":{"start":{"line":69,"column":7},"end":{"line":75,"column":26}},"type":"binary-expr","locations":[{"start":{"line":69,"column":7},"end":{"line":69,"column":20}},{"start":{"line":70,"column":8},"end":{"line":75,"column":26}}],"line":69},"5":{"loc":{"start":{"line":77,"column":7},"end":{"line":77,"column":53}},"type":"binary-expr","locations":[{"start":{"line":77,"column":7},"end":{"line":77,"column":22}},{"start":{"line":77,"column":26},"end":{"line":77,"column":53}}],"line":77},"6":{"loc":{"start":{"line":78,"column":7},"end":{"line":78,"column":57}},"type":"binary-expr","locations":[{"start":{"line":78,"column":7},"end":{"line":78,"column":24}},{"start":{"line":78,"column":28},"end":{"line":78,"column":57}}],"line":78},"7":{"loc":{"start":{"line":79,"column":7},"end":{"line":82,"column":32}},"type":"binary-expr","locations":[{"start":{"line":79,"column":7},"end":{"line":79,"column":23}},{"start":{"line":80,"column":8},"end":{"line":82,"column":32}}],"line":79},"8":{"loc":{"start":{"line":84,"column":7},"end":{"line":84,"column":92}},"type":"binary-expr","locations":[{"start":{"line":84,"column":7},"end":{"line":84,"column":26}},{"start":{"line":84,"column":30},"end":{"line":84,"column":92}}],"line":84},"9":{"loc":{"start":{"line":86,"column":7},"end":{"line":86,"column":96}},"type":"binary-expr","locations":[{"start":{"line":86,"column":7},"end":{"line":86,"column":28}},{"start":{"line":86,"column":32},"end":{"line":86,"column":96}}],"line":86}},"s":{"0":2,"1":2,"2":2,"3":2,"4":2,"5":2,"6":2,"7":2,"8":2,"9":38,"10":38,"11":2,"12":2,"13":2,"14":2,"15":0,"16":38,"17":1,"18":1,"19":1,"20":0,"21":38,"22":1,"23":1,"24":1},"f":{"0":38,"1":2,"2":2,"3":0,"4":1,"5":1,"6":0,"7":1,"8":1,"9":1},"b":{"0":[14,24],"1":[38,21],"2":[38,8],"3":[38,1],"4":[38,1],"5":[38,4],"6":[38,2],"7":[38,1],"8":[38,0],"9":[38,0]},"_coverageSchema":"43e27e138ebf9cfc5966b082cf9a028302ed4184","hash":"ee67a0fa83c49c183017cb443e9b41b7d35d7243"}
,"/Users/natashachiu/lighthouse/scheduler-project/scheduler/src/components/Appointment/Confirm.js": {"path":"/Users/natashachiu/lighthouse/scheduler-project/scheduler/src/components/Appointment/Confirm.js","statementMap":{"0":{"start":{"line":6,"column":2},"end":{"line":18,"column":4}}},"fnMap":{"0":{"name":"Confirm","decl":{"start":{"line":5,"column":24},"end":{"line":5,"column":31}},"loc":{"start":{"line":5,"column":39},"end":{"line":19,"column":1}},"line":5}},"branchMap":{},"s":{"0":1},"f":{"0":1},"b":{},"_coverageSchema":"43e27e138ebf9cfc5966b082cf9a028302ed4184","hash":"a38519d40ae7ea8e09bf938d20fced00ad2ec6a0"}
,"/Users/natashachiu/lighthouse/scheduler-project/scheduler/src/components/Appointment/Empty.js": {"path":"/Users/natashachiu/lighthouse/scheduler-project/scheduler/src/components/Appointment/Empty.js","statementMap":{"0":{"start":{"line":4,"column":2},"end":{"line":13,"column":4}}},"fnMap":{"0":{"name":"Empty","decl":{"start":{"line":3,"column":24},"end":{"line":3,"column":29}},"loc":{"start":{"line":3,"column":37},"end":{"line":14,"column":1}},"line":3}},"branchMap":{},"s":{"0":21},"f":{"0":21},"b":{},"_coverageSchema":"43e27e138ebf9cfc5966b082cf9a028302ed4184","hash":"4a7a02d95d4e80fd75ba0ee13dade6fe35a103fc"}
,"/Users/natashachiu/lighthouse/scheduler-project/scheduler/src/components/Appointment/Error.js": {"path":"/Users/natashachiu/lighthouse/scheduler-project/scheduler/src/components/Appointment/Error.js","statementMap":{"0":{"start":{"line":4,"column":2},"end":{"line":17,"column":4}}},"fnMap":{"0":{"name":"Error","decl":{"start":{"line":3,"column":24},"end":{"line":3,"column":29}},"loc":{"start":{"line":3,"column":37},"end":{"line":18,"column":1}},"line":3}},"branchMap":{},"s":{"0":0},"f":{"0":0},"b":{},"_coverageSchema":"43e27e138ebf9cfc5966b082cf9a028302ed4184","hash":"7993c35dbc79fb5e717c8026c7b7cd2e9c3e5da4"}
,"/Users/natashachiu/lighthouse/scheduler-project/scheduler/src/components/Appointment/Form.js": {"path":"/Users/natashachiu/lighthouse/scheduler-project/scheduler/src/components/Appointment/Form.js","statementMap":{"0":{"start":{"line":7,"column":26},"end":{"line":7,"column":52}},"1":{"start":{"line":8,"column":40},"end":{"line":8,"column":75}},"2":{"start":{"line":9,"column":28},"end":{"line":9,"column":40}},"3":{"start":{"line":12,"column":4},"end":{"line":12,"column":16}},"4":{"start":{"line":13,"column":4},"end":{"line":13,"column":17}},"5":{"start":{"line":14,"column":4},"end":{"line":14,"column":25}},"6":{"start":{"line":18,"column":4},"end":{"line":18,"column":12}},"7":{"start":{"line":19,"column":4},"end":{"line":19,"column":21}},"8":{"start":{"line":23,"column":4},"end":{"line":26,"column":5}},"9":{"start":{"line":24,"column":6},"end":{"line":24,"column":47}},"10":{"start":{"line":25,"column":6},"end":{"line":25,"column":13}},"11":{"start":{"line":27,"column":4},"end":{"line":30,"column":5}},"12":{"start":{"line":28,"column":6},"end":{"line":28,"column":47}},"13":{"start":{"line":29,"column":6},"end":{"line":29,"column":13}},"14":{"start":{"line":32,"column":4},"end":{"line":32,"column":17}},"15":{"start":{"line":33,"column":4},"end":{"line":33,"column":36}},"16":{"start":{"line":36,"column":2},"end":{"line":70,"column":4}},"17":{"start":{"line":39,"column":52},"end":{"line":39,"column":74}},"18":{"start":{"line":47,"column":14},"end":{"line":47,"column":42}}},"fnMap":{"0":{"name":"Form","decl":{"start":{"line":6,"column":24},"end":{"line":6,"column":28}},"loc":{"start":{"line":6,"column":36},"end":{"line":71,"column":1}},"line":6},"1":{"name":"reset","decl":{"start":{"line":11,"column":11},"end":{"line":11,"column":16}},"loc":{"start":{"line":11,"column":19},"end":{"line":15,"column":3}},"line":11},"2":{"name":"cancel","decl":{"start":{"line":17,"column":11},"end":{"line":17,"column":17}},"loc":{"start":{"line":17,"column":20},"end":{"line":20,"column":3}},"line":17},"3":{"name":"validate","decl":{"start":{"line":22,"column":11},"end":{"line":22,"column":19}},"loc":{"start":{"line":22,"column":22},"end":{"line":34,"column":3}},"line":22},"4":{"name":"(anonymous_4)","decl":{"start":{"line":39,"column":43},"end":{"line":39,"column":44}},"loc":{"start":{"line":39,"column":52},"end":{"line":39,"column":74}},"line":39},"5":{"name":"(anonymous_5)","decl":{"start":{"line":46,"column":22},"end":{"line":46,"column":23}},"loc":{"start":{"line":46,"column":31},"end":{"line":48,"column":13}},"line":46}},"branchMap":{"0":{"loc":{"start":{"line":7,"column":35},"end":{"line":7,"column":51}},"type":"binary-expr","locations":[{"start":{"line":7,"column":35},"end":{"line":7,"column":45}},{"start":{"line":7,"column":49},"end":{"line":7,"column":51}}],"line":7},"1":{"loc":{"start":{"line":8,"column":49},"end":{"line":8,"column":74}},"type":"binary-expr","locations":[{"start":{"line":8,"column":49},"end":{"line":8,"column":66}},{"start":{"line":8,"column":70},"end":{"line":8,"column":74}}],"line":8},"2":{"loc":{"start":{"line":23,"column":4},"end":{"line":26,"column":5}},"type":"if","locations":[{"start":{"line":23,"column":4},"end":{"line":26,"column":5}},{"start":{"line":23,"column":4},"end":{"line":26,"column":5}}],"line":23},"3":{"loc":{"start":{"line":27,"column":4},"end":{"line":30,"column":5}},"type":"if","locations":[{"start":{"line":27,"column":4},"end":{"line":30,"column":5}},{"start":{"line":27,"column":4},"end":{"line":30,"column":5}}],"line":27}},"s":{"0":20,"1":20,"2":20,"3":1,"4":1,"5":1,"6":1,"7":1,"8":7,"9":2,"10":2,"11":5,"12":2,"13":2,"14":3,"15":3,"16":20,"17":0,"18":4},"f":{"0":20,"1":1,"2":1,"3":7,"4":0,"5":4},"b":{"0":[20,10],"1":[20,13],"2":[2,5],"3":[2,3]},"_coverageSchema":"43e27e138ebf9cfc5966b082cf9a028302ed4184","hash":"d6981acf8778a5e0fb28f340ca6c0d23a95189ba"}
,"/Users/natashachiu/lighthouse/scheduler-project/scheduler/src/components/Appointment/Header.js": {"path":"/Users/natashachiu/lighthouse/scheduler-project/scheduler/src/components/Appointment/Header.js","statementMap":{"0":{"start":{"line":4,"column":2},"end":{"line":9,"column":4}}},"fnMap":{"0":{"name":"Header","decl":{"start":{"line":3,"column":24},"end":{"line":3,"column":30}},"loc":{"start":{"line":3,"column":38},"end":{"line":10,"column":1}},"line":3}},"branchMap":{},"s":{"0":38},"f":{"0":38},"b":{},"_coverageSchema":"43e27e138ebf9cfc5966b082cf9a028302ed4184","hash":"0da9b2c34a3741668e2911e8a30c8149fd744192"}
,"/Users/natashachiu/lighthouse/scheduler-project/scheduler/src/components/Appointment/Show.js": {"path":"/Users/natashachiu/lighthouse/scheduler-project/scheduler/src/components/Appointment/Show.js","statementMap":{"0":{"start":{"line":4,"column":2},"end":{"line":32,"column":4}}},"fnMap":{"0":{"name":"Show","decl":{"start":{"line":3,"column":24},"end":{"line":3,"column":28}},"loc":{"start":{"line":3,"column":36},"end":{"line":33,"column":1}},"line":3}},"branchMap":{"0":{"loc":{"start":{"line":11,"column":13},"end":{"line":11,"column":56}},"type":"binary-expr","locations":[{"start":{"line":11,"column":13},"end":{"line":11,"column":30}},{"start":{"line":11,"column":34},"end":{"line":11,"column":56}}],"line":11}},"s":{"0":8},"f":{"0":8},"b":{"0":[8,8]},"_coverageSchema":"43e27e138ebf9cfc5966b082cf9a028302ed4184","hash":"034c2f7db22184815a5d6823fd5ea8270c5e6761"}
,"/Users/natashachiu/lighthouse/scheduler-project/scheduler/src/components/Appointment/Status.js": {"path":"/Users/natashachiu/lighthouse/scheduler-project/scheduler/src/components/Appointment/Status.js","statementMap":{"0":{"start":{"line":4,"column":2},"end":{"line":13,"column":4}}},"fnMap":{"0":{"name":"Status","decl":{"start":{"line":3,"column":24},"end":{"line":3,"column":30}},"loc":{"start":{"line":3,"column":38},"end":{"line":14,"column":1}},"line":3}},"branchMap":{},"s":{"0":6},"f":{"0":6},"b":{},"_coverageSchema":"43e27e138ebf9cfc5966b082cf9a028302ed4184","hash":"be0be0773c202c9a99ac00cc23c8e5652538acec"}
,"/Users/natashachiu/lighthouse/scheduler-project/scheduler/src/helpers/selectors.js": {"path":"/Users/natashachiu/lighthouse/scheduler-project/scheduler/src/helpers/selectors.js","statementMap":{"0":{"start":{"line":2,"column":16},"end":{"line":2,"column":52}},"1":{"start":{"line":2,"column":37},"end":{"line":2,"column":51}},"2":{"start":{"line":4,"column":2},"end":{"line":4,"column":64}},"3":{"start":{"line":4,"column":54},"end":{"line":4,"column":64}},"4":{"start":{"line":6,"column":2},"end":{"line":6,"column":62}},"5":{"start":{"line":6,"column":38},"end":{"line":6,"column":60}},"6":{"start":{"line":10,"column":16},"end":{"line":10,"column":52}},"7":{"start":{"line":10,"column":37},"end":{"line":10,"column":51}},"8":{"start":{"line":12,"column":2},"end":{"line":12,"column":64}},"9":{"start":{"line":12,"column":54},"end":{"line":12,"column":64}},"10":{"start":{"line":14,"column":2},"end":{"line":14,"column":62}},"11":{"start":{"line":14,"column":38},"end":{"line":14,"column":60}},"12":{"start":{"line":18,"column":2},"end":{"line":23,"column":4}}},"fnMap":{"0":{"name":"getAppointmentsForDay","decl":{"start":{"line":1,"column":16},"end":{"line":1,"column":37}},"loc":{"start":{"line":1,"column":50},"end":{"line":7,"column":1}},"line":1},"1":{"name":"(anonymous_1)","decl":{"start":{"line":2,"column":32},"end":{"line":2,"column":33}},"loc":{"start":{"line":2,"column":37},"end":{"line":2,"column":51}},"line":2},"2":{"name":"(anonymous_2)","decl":{"start":{"line":6,"column":32},"end":{"line":6,"column":33}},"loc":{"start":{"line":6,"column":38},"end":{"line":6,"column":60}},"line":6},"3":{"name":"getInterviewersForDay","decl":{"start":{"line":9,"column":16},"end":{"line":9,"column":37}},"loc":{"start":{"line":9,"column":50},"end":{"line":15,"column":1}},"line":9},"4":{"name":"(anonymous_4)","decl":{"start":{"line":10,"column":32},"end":{"line":10,"column":33}},"loc":{"start":{"line":10,"column":37},"end":{"line":10,"column":51}},"line":10},"5":{"name":"(anonymous_5)","decl":{"start":{"line":14,"column":32},"end":{"line":14,"column":33}},"loc":{"start":{"line":14,"column":38},"end":{"line":14,"column":60}},"line":14},"6":{"name":"getInterview","decl":{"start":{"line":17,"column":16},"end":{"line":17,"column":28}},"loc":{"start":{"line":17,"column":47},"end":{"line":24,"column":1}},"line":17}},"branchMap":{"0":{"loc":{"start":{"line":4,"column":2},"end":{"line":4,"column":64}},"type":"if","locations":[{"start":{"line":4,"column":2},"end":{"line":4,"column":64}},{"start":{"line":4,"column":2},"end":{"line":4,"column":64}}],"line":4},"1":{"loc":{"start":{"line":4,"column":6},"end":{"line":4,"column":52}},"type":"binary-expr","locations":[{"start":{"line":4,"column":6},"end":{"line":4,"column":29}},{"start":{"line":4,"column":33},"end":{"line":4,"column":52}}],"line":4},"2":{"loc":{"start":{"line":12,"column":2},"end":{"line":12,"column":64}},"type":"if","locations":[{"start":{"line":12,"column":2},"end":{"line":12,"column":64}},{"start":{"line":12,"column":2},"end":{"line":12,"column":64}}],"line":12},"3":{"loc":{"start":{"line":12,"column":6},"end":{"line":12,"column":52}},"type":"binary-expr","locations":[{"start":{"line":12,"column":6},"end":{"line":12,"column":29}},{"start":{"line":12,"column":33},"end":{"line":12,"column":52}}],"line":12},"4":{"loc":{"start":{"line":19,"column":4},"end":{"line":22,"column":5}},"type":"binary-expr","locations":[{"start":{"line":19,"column":4},"end":{"line":19,"column":13}},{"start":{"line":19,"column":17},"end":{"line":22,"column":5}}],"line":19}},"s":{"0":17,"1":15,"2":17,"3":6,"4":11,"5":24,"6":17,"7":15,"8":17,"9":6,"10":11,"11":22,"12":18},"f":{"0":17,"1":15,"2":24,"3":17,"4":15,"5":22,"6":18},"b":{"0":[6,11],"1":[17,12],"2":[6,11],"3":[17,12],"4":[18,9]},"_coverageSchema":"43e27e138ebf9cfc5966b082cf9a028302ed4184","hash":"0c7ae2d0b50a260642c6eadabade29194d882e69"}
,"/Users/natashachiu/lighthouse/scheduler-project/scheduler/src/hooks/useApplicationData.js": {"path":"/Users/natashachiu/lighthouse/scheduler-project/scheduler/src/hooks/useApplicationData.js","statementMap":{"0":{"start":{"line":14,"column":28},"end":{"line":19,"column":4}},"1":{"start":{"line":21,"column":17},"end":{"line":21,"column":56}},"2":{"start":{"line":21,"column":24},"end":{"line":21,"column":56}},"3":{"start":{"line":23,"column":2},"end":{"line":37,"column":9}},"4":{"start":{"line":24,"column":4},"end":{"line":36,"column":6}},"5":{"start":{"line":30,"column":8},"end":{"line":35,"column":10}},"6":{"start":{"line":39,"column":2},"end":{"line":39,"column":30}},"7":{"start":{"line":42,"column":4},"end":{"line":48,"column":7}},"8":{"start":{"line":43,"column":6},"end":{"line":47,"column":9}},"9":{"start":{"line":52,"column":4},"end":{"line":58,"column":7}},"10":{"start":{"line":53,"column":6},"end":{"line":57,"column":9}},"11":{"start":{"line":61,"column":2},"end":{"line":66,"column":4}}},"fnMap":{"0":{"name":"useApplicationData","decl":{"start":{"line":13,"column":24},"end":{"line":13,"column":42}},"loc":{"start":{"line":13,"column":45},"end":{"line":67,"column":1}},"line":13},"1":{"name":"(anonymous_1)","decl":{"start":{"line":21,"column":17},"end":{"line":21,"column":18}},"loc":{"start":{"line":21,"column":24},"end":{"line":21,"column":56}},"line":21},"2":{"name":"(anonymous_2)","decl":{"start":{"line":23,"column":12},"end":{"line":23,"column":13}},"loc":{"start":{"line":23,"column":18},"end":{"line":37,"column":3}},"line":23},"3":{"name":"(anonymous_3)","decl":{"start":{"line":29,"column":6},"end":{"line":29,"column":7}},"loc":{"start":{"line":30,"column":8},"end":{"line":35,"column":10}},"line":30},"4":{"name":"bookInterview","decl":{"start":{"line":41,"column":11},"end":{"line":41,"column":24}},"loc":{"start":{"line":41,"column":40},"end":{"line":49,"column":3}},"line":41},"5":{"name":"(anonymous_5)","decl":{"start":{"line":42,"column":68},"end":{"line":42,"column":69}},"loc":{"start":{"line":42,"column":74},"end":{"line":48,"column":5}},"line":42},"6":{"name":"cancelInterview","decl":{"start":{"line":51,"column":11},"end":{"line":51,"column":26}},"loc":{"start":{"line":51,"column":31},"end":{"line":59,"column":3}},"line":51},"7":{"name":"(anonymous_7)","decl":{"start":{"line":52,"column":56},"end":{"line":52,"column":57}},"loc":{"start":{"line":52,"column":62},"end":{"line":58,"column":5}},"line":52}},"branchMap":{},"s":{"0":12,"1":12,"2":1,"3":12,"4":4,"5":4,"6":12,"7":2,"8":2,"9":1,"10":1,"11":12},"f":{"0":12,"1":1,"2":4,"3":4,"4":2,"5":2,"6":1,"7":1},"b":{},"_coverageSchema":"43e27e138ebf9cfc5966b082cf9a028302ed4184","hash":"a8cf31efe29f843aba78236a86d84a660da6afb4"}
,"/Users/natashachiu/lighthouse/scheduler-project/scheduler/src/hooks/useRealtimeUpdate.js": {"path":"/Users/natashachiu/lighthouse/scheduler-project/scheduler/src/hooks/useRealtimeUpdate.js","statementMap":{"0":{"start":{"line":5,"column":2},"end":{"line":19,"column":17}},"1":{"start":{"line":6,"column":19},"end":{"line":6,"column":69}},"2":{"start":{"line":8,"column":4},"end":{"line":14,"column":6}},"3":{"start":{"line":9,"column":19},"end":{"line":9,"column":41}},"4":{"start":{"line":11,"column":6},"end":{"line":13,"column":7}},"5":{"start":{"line":12,"column":8},"end":{"line":12,"column":23}},"6":{"start":{"line":16,"column":4},"end":{"line":18,"column":6}},"7":{"start":{"line":17,"column":6},"end":{"line":17,"column":21}}},"fnMap":{"0":{"name":"useRealtimeUpdate","decl":{"start":{"line":4,"column":24},"end":{"line":4,"column":41}},"loc":{"start":{"line":4,"column":52},"end":{"line":20,"column":1}},"line":4},"1":{"name":"(anonymous_1)","decl":{"start":{"line":5,"column":12},"end":{"line":5,"column":13}},"loc":{"start":{"line":5,"column":18},"end":{"line":19,"column":3}},"line":5},"2":{"name":"(anonymous_2)","decl":{"start":{"line":8,"column":23},"end":{"line":8,"column":24}},"loc":{"start":{"line":8,"column":32},"end":{"line":14,"column":5}},"line":8},"3":{"name":"(anonymous_3)","decl":{"start":{"line":16,"column":11},"end":{"line":16,"column":12}},"loc":{"start":{"line":16,"column":17},"end":{"line":18,"column":5}},"line":16}},"branchMap":{"0":{"loc":{"start":{"line":11,"column":6},"end":{"line":13,"column":7}},"type":"if","locations":[{"start":{"line":11,"column":6},"end":{"line":13,"column":7}},{"start":{"line":11,"column":6},"end":{"line":13,"column":7}}],"line":11},"1":{"loc":{"start":{"line":11,"column":10},"end":{"line":11,"column":65}},"type":"binary-expr","locations":[{"start":{"line":11,"column":10},"end":{"line":11,"column":34}},{"start":{"line":11,"column":38},"end":{"line":11,"column":65}}],"line":11}},"s":{"0":12,"1":4,"2":4,"3":0,"4":0,"5":0,"6":4,"7":4},"f":{"0":12,"1":4,"2":0,"3":4},"b":{"0":[0,0],"1":[0,0]},"_coverageSchema":"43e27e138ebf9cfc5966b082cf9a028302ed4184","hash":"50c5ed105983ef32bdbeb71ab75a04420c82b106"}
,"/Users/natashachiu/lighthouse/scheduler-project/scheduler/src/hooks/useVisualMode.js": {"path":"/Users/natashachiu/lighthouse/scheduler-project/scheduler/src/hooks/useVisualMode.js","statementMap":{"0":{"start":{"line":5,"column":32},"end":{"line":5,"column":51}},"1":{"start":{"line":8,"column":21},"end":{"line":12,"column":3}},"2":{"start":{"line":9,"column":4},"end":{"line":11,"column":34}},"3":{"start":{"line":10,"column":14},"end":{"line":10,"column":45}},"4":{"start":{"line":11,"column":14},"end":{"line":11,"column":32}},"5":{"start":{"line":14,"column":15},"end":{"line":18,"column":3}},"6":{"start":{"line":15,"column":4},"end":{"line":17,"column":5}},"7":{"start":{"line":16,"column":6},"end":{"line":16,"column":49}},"8":{"start":{"line":16,"column":25},"end":{"line":16,"column":47}},"9":{"start":{"line":20,"column":2},"end":{"line":20,"column":65}}},"fnMap":{"0":{"name":"useVisualMode","decl":{"start":{"line":4,"column":24},"end":{"line":4,"column":37}},"loc":{"start":{"line":4,"column":47},"end":{"line":21,"column":1}},"line":4},"1":{"name":"(anonymous_1)","decl":{"start":{"line":8,"column":21},"end":{"line":8,"column":22}},"loc":{"start":{"line":8,"column":51},"end":{"line":12,"column":3}},"line":8},"2":{"name":"(anonymous_2)","decl":{"start":{"line":10,"column":6},"end":{"line":10,"column":7}},"loc":{"start":{"line":10,"column":14},"end":{"line":10,"column":45}},"line":10},"3":{"name":"(anonymous_3)","decl":{"start":{"line":11,"column":6},"end":{"line":11,"column":7}},"loc":{"start":{"line":11,"column":14},"end":{"line":11,"column":32}},"line":11},"4":{"name":"(anonymous_4)","decl":{"start":{"line":14,"column":15},"end":{"line":14,"column":16}},"loc":{"start":{"line":14,"column":21},"end":{"line":18,"column":3}},"line":14},"5":{"name":"(anonymous_5)","decl":{"start":{"line":16,"column":17},"end":{"line":16,"column":18}},"loc":{"start":{"line":16,"column":25},"end":{"line":16,"column":47}},"line":16}},"branchMap":{"0":{"loc":{"start":{"line":8,"column":31},"end":{"line":8,"column":46}},"type":"default-arg","locations":[{"start":{"line":8,"column":41},"end":{"line":8,"column":46}}],"line":8},"1":{"loc":{"start":{"line":9,"column":15},"end":{"line":11,"column":32}},"type":"cond-expr","locations":[{"start":{"line":10,"column":6},"end":{"line":10,"column":45}},{"start":{"line":11,"column":6},"end":{"line":11,"column":32}}],"line":9},"2":{"loc":{"start":{"line":15,"column":4},"end":{"line":17,"column":5}},"type":"if","locations":[{"start":{"line":15,"column":4},"end":{"line":17,"column":5}},{"start":{"line":15,"column":4},"end":{"line":17,"column":5}}],"line":15}},"s":{"0":51,"1":51,"2":14,"3":2,"4":12,"5":51,"6":4,"7":3,"8":3,"9":51},"f":{"0":51,"1":14,"2":2,"3":12,"4":4,"5":3},"b":{"0":[12],"1":[2,12],"2":[3,1]},"_coverageSchema":"43e27e138ebf9cfc5966b082cf9a028302ed4184","hash":"18c6de26404ff618ebcc0f7118550e164e29ad25"}
,"/Users/natashachiu/lighthouse/scheduler-project/scheduler/src/reducers/application.js": {"path":"/Users/natashachiu/lighthouse/scheduler-project/scheduler/src/reducers/application.js","statementMap":{"0":{"start":{"line":1,"column":23},"end":{"line":1,"column":32}},"1":{"start":{"line":2,"column":36},"end":{"line":2,"column":58}},"2":{"start":{"line":3,"column":29},"end":{"line":3,"column":44}},"3":{"start":{"line":6,"column":2},"end":{"line":53,"column":3}},"4":{"start":{"line":8,"column":6},"end":{"line":8,"column":43}},"5":{"start":{"line":10,"column":6},"end":{"line":15,"column":8}},"6":{"start":{"line":17,"column":26},"end":{"line":20,"column":7}},"7":{"start":{"line":22,"column":27},"end":{"line":25,"column":7}},"8":{"start":{"line":27,"column":29},"end":{"line":32,"column":9}},"9":{"start":{"line":28,"column":8},"end":{"line":32,"column":9}},"10":{"start":{"line":30,"column":26},"end":{"line":30,"column":72}},"11":{"start":{"line":34,"column":19},"end":{"line":41,"column":8}},"12":{"start":{"line":35,"column":8},"end":{"line":40,"column":16}},"13":{"start":{"line":43,"column":6},"end":{"line":47,"column":8}},"14":{"start":{"line":50,"column":6},"end":{"line":52,"column":8}}},"fnMap":{"0":{"name":"reducer","decl":{"start":{"line":5,"column":24},"end":{"line":5,"column":31}},"loc":{"start":{"line":5,"column":47},"end":{"line":54,"column":1}},"line":5},"1":{"name":"(anonymous_1)","decl":{"start":{"line":27,"column":29},"end":{"line":27,"column":30}},"loc":{"start":{"line":28,"column":8},"end":{"line":32,"column":9}},"line":28},"2":{"name":"(anonymous_2)","decl":{"start":{"line":30,"column":10},"end":{"line":30,"column":11}},"loc":{"start":{"line":30,"column":26},"end":{"line":30,"column":72}},"line":30},"3":{"name":"(anonymous_3)","decl":{"start":{"line":34,"column":34},"end":{"line":34,"column":35}},"loc":{"start":{"line":34,"column":41},"end":{"line":41,"column":7}},"line":34}},"branchMap":{"0":{"loc":{"start":{"line":6,"column":2},"end":{"line":53,"column":3}},"type":"switch","locations":[{"start":{"line":7,"column":4},"end":{"line":8,"column":43}},{"start":{"line":9,"column":4},"end":{"line":15,"column":8}},{"start":{"line":16,"column":4},"end":{"line":48,"column":5}},{"start":{"line":49,"column":4},"end":{"line":52,"column":8}}],"line":6},"1":{"loc":{"start":{"line":19,"column":19},"end":{"line":19,"column":62}},"type":"binary-expr","locations":[{"start":{"line":19,"column":19},"end":{"line":19,"column":35}},{"start":{"line":19,"column":39},"end":{"line":19,"column":62}}],"line":19},"2":{"loc":{"start":{"line":30,"column":26},"end":{"line":30,"column":72}},"type":"cond-expr","locations":[{"start":{"line":30,"column":55},"end":{"line":30,"column":64}},{"start":{"line":30,"column":67},"end":{"line":30,"column":72}}],"line":30},"3":{"loc":{"start":{"line":35,"column":15},"end":{"line":40,"column":15}},"type":"cond-expr","locations":[{"start":{"line":36,"column":12},"end":{"line":39,"column":13}},{"start":{"line":40,"column":12},"end":{"line":40,"column":15}}],"line":35}},"s":{"0":2,"1":2,"2":2,"3":9,"4":1,"5":4,"6":3,"7":3,"8":3,"9":3,"10":6,"11":3,"12":6,"13":3,"14":1},"f":{"0":9,"1":3,"2":6,"3":6},"b":{"0":[1,4,3,1],"1":[3,2],"2":[3,3],"3":[3,3]},"_coverageSchema":"43e27e138ebf9cfc5966b082cf9a028302ed4184","hash":"da4ea82397f21745947c9f9ac5884900d42b5711"}
}
