TN:
SF:/Users/natashachiu/lighthouse/scheduler-project/scheduler/src/components/Application.js
FN:16,Application
FN:27,(anonymous_1)
FNF:2
FNH:2
FNDA:6,Application
FNDA:8,(anonymous_1)
DA:22,6
DA:24,6
DA:26,6
DA:28,8
DA:41,6
LF:5
LH:5
BRF:0
BRH:0
end_of_record
TN:
SF:/Users/natashachiu/lighthouse/scheduler-project/scheduler/src/components/Button.js
FN:7,Button
FNF:1
FNH:1
FNDA:34,Button
DA:8,34
DA:13,34
LF:2
LH:2
BRF:0
BRH:0
end_of_record
TN:
SF:/Users/natashachiu/lighthouse/scheduler-project/scheduler/src/components/DayList.js
FN:5,DayList
FN:6,(anonymous_1)
FNF:2
FNH:2
FNDA:6,DayList
FNDA:8,(anonymous_1)
DA:6,6
DA:7,8
DA:18,6
LF:3
LH:3
BRF:0
BRH:0
end_of_record
TN:
SF:/Users/natashachiu/lighthouse/scheduler-project/scheduler/src/components/DayListItem.js
FN:6,formatSpots
FN:13,DayListItem
FN:22,(anonymous_2)
FNF:3
FNH:3
FNDA:8,formatSpots
FNDA:8,DayListItem
FNDA:1,(anonymous_2)
DA:7,8
DA:8,7
DA:10,0
DA:14,8
DA:19,8
DA:22,1
LF:6
LH:5
BRDA:7,0,0,1
BRDA:7,0,1,7
BRDA:8,1,0,7
BRDA:8,1,1,0
BRF:4
BRH:3
end_of_record
TN:
SF:/Users/natashachiu/lighthouse/scheduler-project/scheduler/src/components/InterviewerList.js
FN:8,(anonymous_0)
FN:9,(anonymous_1)
FN:17,(anonymous_2)
FNF:3
FNH:3
FNDA:17,(anonymous_0)
FNDA:20,(anonymous_1)
FNDA:1,(anonymous_2)
DA:8,3
DA:9,17
DA:10,20
DA:17,1
DA:22,17
DA:30,3
LF:6
LH:6
BRF:0
BRH:0
end_of_record
TN:
SF:/Users/natashachiu/lighthouse/scheduler-project/scheduler/src/components/InterviewerListItem.js
FN:6,InterviewerItem
FNF:1
FNH:1
FNDA:20,InterviewerItem
DA:7,20
DA:11,20
LF:2
LH:2
BRDA:18,0,0,20
BRDA:18,0,1,5
BRF:2
BRH:2
end_of_record
TN:
SF:/Users/natashachiu/lighthouse/scheduler-project/scheduler/src/components/Appointment/Appointment.js
FN:23,Appointment
FN:28,(anonymous_1)
FN:37,(anonymous_2)
FN:38,(anonymous_3)
FN:41,(anonymous_4)
FN:45,(anonymous_5)
FN:46,(anonymous_6)
FN:55,(anonymous_7)
FN:61,(anonymous_8)
FN:62,(anonymous_9)
FNF:10
FNH:4
FNDA:18,Appointment
FNDA:1,(anonymous_1)
FNDA:1,(anonymous_2)
FNDA:0,(anonymous_3)
FNDA:0,(anonymous_4)
FNDA:0,(anonymous_5)
FNDA:0,(anonymous_6)
FNDA:1,(anonymous_7)
FNDA:0,(anonymous_8)
FNDA:0,(anonymous_9)
DA:12,2
DA:13,2
DA:14,2
DA:15,2
DA:16,2
DA:17,2
DA:18,2
DA:19,2
DA:20,2
DA:25,18
DA:28,18
DA:29,1
DA:33,1
DA:35,1
DA:37,1
DA:38,0
DA:41,18
DA:42,0
DA:43,0
DA:45,0
DA:46,0
DA:50,18
DA:55,1
DA:61,0
DA:62,0
LF:25
LH:18
BRDA:26,0,0,6
BRDA:26,0,1,12
BRDA:54,1,0,18
BRDA:54,1,1,10
BRDA:57,2,0,18
BRDA:57,2,1,5
BRDA:64,3,0,18
BRDA:64,3,1,1
BRDA:69,4,0,18
BRDA:69,4,1,0
BRDA:77,5,0,18
BRDA:77,5,1,2
BRDA:78,6,0,18
BRDA:78,6,1,0
BRDA:79,7,0,18
BRDA:79,7,1,0
BRDA:84,8,0,18
BRDA:84,8,1,0
BRDA:86,9,0,18
BRDA:86,9,1,0
BRF:20
BRH:15
end_of_record
TN:
SF:/Users/natashachiu/lighthouse/scheduler-project/scheduler/src/components/Appointment/Confirm.js
FN:5,Confirm
FNF:1
FNH:0
FNDA:0,Confirm
DA:6,0
LF:1
LH:0
BRF:0
BRH:0
end_of_record
TN:
SF:/Users/natashachiu/lighthouse/scheduler-project/scheduler/src/components/Appointment/Empty.js
FN:3,Empty
FNF:1
FNH:1
FNDA:10,Empty
DA:4,10
LF:1
LH:1
BRF:0
BRH:0
end_of_record
TN:
SF:/Users/natashachiu/lighthouse/scheduler-project/scheduler/src/components/Appointment/Error.js
FN:3,Error
FNF:1
FNH:0
FNDA:0,Error
DA:4,0
LF:1
LH:0
BRF:0
BRH:0
end_of_record
TN:
SF:/Users/natashachiu/lighthouse/scheduler-project/scheduler/src/components/Appointment/Form.js
FN:6,Form
FN:11,reset
FN:17,cancel
FN:22,validate
FN:39,(anonymous_4)
FN:46,(anonymous_5)
FNF:6
FNH:5
FNDA:17,Form
FNDA:1,reset
FNDA:1,cancel
FNDA:6,validate
FNDA:0,(anonymous_4)
FNDA:3,(anonymous_5)
DA:7,17
DA:8,17
DA:9,17
DA:12,1
DA:13,1
DA:14,1
DA:18,1
DA:19,1
DA:23,6
DA:24,2
DA:25,2
DA:27,4
DA:28,2
DA:29,2
DA:32,2
DA:33,2
DA:36,17
DA:39,0
DA:47,3
LF:19
LH:18
BRDA:7,0,0,17
BRDA:7,0,1,10
BRDA:8,1,0,17
BRDA:8,1,1,13
BRDA:23,2,0,2
BRDA:23,2,1,4
BRDA:27,3,0,2
BRDA:27,3,1,2
BRF:8
BRH:8
end_of_record
TN:
SF:/Users/natashachiu/lighthouse/scheduler-project/scheduler/src/components/Appointment/Header.js
FN:3,Header
FNF:1
FNH:1
FNDA:18,Header
DA:4,18
LF:1
LH:1
BRF:0
BRH:0
end_of_record
TN:
SF:/Users/natashachiu/lighthouse/scheduler-project/scheduler/src/components/Appointment/Show.js
FN:3,Show
FNF:1
FNH:1
FNDA:5,Show
DA:4,5
LF:1
LH:1
BRDA:11,0,0,5
BRDA:11,0,1,5
BRF:2
BRH:2
end_of_record
TN:
SF:/Users/natashachiu/lighthouse/scheduler-project/scheduler/src/components/Appointment/Status.js
FN:3,Status
FNF:1
FNH:1
FNDA:2,Status
DA:4,2
LF:1
LH:1
BRF:0
BRH:0
end_of_record
TN:
SF:/Users/natashachiu/lighthouse/scheduler-project/scheduler/src/helpers/selectors.js
FN:1,getAppointmentsForDay
FN:2,(anonymous_1)
FN:6,(anonymous_2)
FN:9,getInterviewersForDay
FN:10,(anonymous_4)
FN:14,(anonymous_5)
FN:17,getInterview
FNF:7
FNH:7
FNDA:11,getAppointmentsForDay
FNDA:11,(anonymous_1)
FNDA:16,(anonymous_2)
FNDA:11,getInterviewersForDay
FNDA:11,(anonymous_4)
FNDA:14,(anonymous_5)
FNDA:10,getInterview
DA:2,11
DA:4,11
DA:6,16
DA:10,11
DA:12,11
DA:14,14
DA:18,10
LF:7
LH:7
BRDA:4,0,0,4
BRDA:4,0,1,7
BRDA:4,1,0,11
BRDA:4,1,1,8
BRDA:12,2,0,4
BRDA:12,2,1,7
BRDA:12,3,0,11
BRDA:12,3,1,8
BRDA:19,4,0,10
BRDA:19,4,1,6
BRF:10
BRH:10
end_of_record
TN:
SF:/Users/natashachiu/lighthouse/scheduler-project/scheduler/src/hooks/useApplicationData.js
FN:13,useApplicationData
FN:21,(anonymous_1)
FN:23,(anonymous_2)
FN:29,(anonymous_3)
FN:41,bookInterview
FN:42,(anonymous_5)
FN:51,cancelInterview
FN:52,(anonymous_7)
FNF:8
FNH:6
FNDA:6,useApplicationData
FNDA:1,(anonymous_1)
FNDA:2,(anonymous_2)
FNDA:2,(anonymous_3)
FNDA:1,bookInterview
FNDA:1,(anonymous_5)
FNDA:0,cancelInterview
FNDA:0,(anonymous_7)
DA:14,6
DA:21,6
DA:23,6
DA:24,2
DA:30,2
DA:39,6
DA:42,1
DA:43,1
DA:52,0
DA:53,0
DA:61,6
LF:11
LH:9
BRF:0
BRH:0
end_of_record
TN:
SF:/Users/natashachiu/lighthouse/scheduler-project/scheduler/src/hooks/useRealtimeUpdate.js
FN:4,useRealtimeUpdate
FN:5,(anonymous_1)
FN:8,(anonymous_2)
FN:16,(anonymous_3)
FNF:4
FNH:3
FNDA:6,useRealtimeUpdate
FNDA:2,(anonymous_1)
FNDA:0,(anonymous_2)
FNDA:2,(anonymous_3)
DA:5,6
DA:6,2
DA:8,2
DA:9,0
DA:11,0
DA:12,0
DA:16,2
DA:17,2
LF:8
LH:5
BRDA:11,0,0,0
BRDA:11,0,1,0
BRDA:11,1,0,0
BRDA:11,1,1,0
BRF:4
BRH:0
end_of_record
TN:
SF:/Users/natashachiu/lighthouse/scheduler-project/scheduler/src/hooks/useVisualMode.js
FN:4,useVisualMode
FN:8,(anonymous_1)
FN:10,(anonymous_2)
FN:11,(anonymous_3)
FN:14,(anonymous_4)
FN:16,(anonymous_5)
FNF:6
FNH:6
FNDA:31,useVisualMode
FNDA:8,(anonymous_1)
FNDA:1,(anonymous_2)
FNDA:7,(anonymous_3)
FNDA:4,(anonymous_4)
FNDA:3,(anonymous_5)
DA:5,31
DA:8,31
DA:9,8
DA:10,1
DA:11,7
DA:14,31
DA:15,4
DA:16,3
DA:20,31
LF:9
LH:9
BRDA:8,0,0,7
BRDA:9,1,0,1
BRDA:9,1,1,7
BRDA:15,2,0,3
BRDA:15,2,1,1
BRF:5
BRH:5
end_of_record
TN:
SF:/Users/natashachiu/lighthouse/scheduler-project/scheduler/src/reducers/application.js
FN:5,reducer
FN:27,(anonymous_1)
FN:30,(anonymous_2)
FN:34,(anonymous_3)
FNF:4
FNH:4
FNDA:5,reducer
FNDA:1,(anonymous_1)
FNDA:2,(anonymous_2)
FNDA:2,(anonymous_3)
DA:1,2
DA:2,2
DA:3,2
DA:6,5
DA:8,1
DA:10,2
DA:17,1
DA:22,1
DA:27,1
DA:28,1
DA:30,2
DA:34,1
DA:35,2
DA:43,1
DA:50,1
LF:15
LH:15
BRDA:6,0,0,1
BRDA:6,0,1,2
BRDA:6,0,2,1
BRDA:6,0,3,1
BRDA:19,1,0,1
BRDA:19,1,1,1
BRDA:30,2,0,2
BRDA:30,2,1,0
BRDA:35,3,0,1
BRDA:35,3,1,1
BRF:10
BRH:9
end_of_record
